<?xml version="1.0" encoding="UTF-8"?>
<testsuite xmlns:xsi="http://www.w3.org/2001/XMLSchema-instance" xsi:noNamespaceSchemaLocation="https://maven.apache.org/surefire/maven-surefire-plugin/xsd/surefire-test-report.xsd" version="3.0.2" name="br.com.guilhermepmoura.StartupTests" time="1.734" tests="1" errors="0" skipped="0" failures="0">
  <properties>
[...]
</properties>
  <testcase name="contextLoads" classname="br.com.guilhermepmoura.StartupTests" time="0.421">
    <system-out><![CDATA[09:28:09.010 [main] INFO org.springframework.test.context.support.AnnotationConfigContextLoaderUtils -- Could not detect default configuration classes for test class [br.com.guilhermepmoura.StartupTests]: StartupTests does not declare any static, non-private, non-final, nested classes annotated with @Configuration.
09:28:09.088 [main] INFO org.springframework.boot.test.context.SpringBootTestContextBootstrapper -- Found @SpringBootConfiguration br.com.guilhermepmoura.Startup for test class br.com.guilhermepmoura.StartupTests
09:28:09.208 [main] INFO org.springframework.boot.devtools.restart.RestartApplicationListener -- Restart disabled due to context in which it is running

  .   ____          _            __ _ _
 /\\ / ___'_ __ _ _(_)_ __  __ _ \ \ \ \
( ( )\___ | '_ | '_| | '_ \/ _` | \ \ \ \
 \\/  ___)| |_)| | | | | || (_| |  ) ) ) )
  '  |____| .__|_| |_|_| |_\__, | / / / /
 =========|_|==============|___/=/_/_/_/

 :: Spring Boot ::                (v3.4.0)

2025-07-04T09:28:09.438-03:00  INFO 13520 --- [           main] br.com.guilhermepmoura.StartupTests      : Starting StartupTests using Java 23.0.2 with PID 13520 (started by Aluno in C:\Users\Public\Downloads\microservices-with-spring-cloud-and-java\microservices-with-spring-cloud-and-java)
2025-07-04T09:28:09.440-03:00  INFO 13520 --- [           main] br.com.guilhermepmoura.StartupTests      : No active profile set, falling back to 1 default profile: "default"
2025-07-04T09:28:10.205-03:00  INFO 13520 --- [           main] br.com.guilhermepmoura.StartupTests      : Started StartupTests in 1.012 seconds (process running for 1.776)
]]></system-out>
    <system-err><![CDATA[Mockito is currently self-attaching to enable the inline-mock-maker. This will no longer work in future releases of the JDK. Please add Mockito as an agent to your build what is described in Mockito's documentation: https://javadoc.io/doc/org.mockito/mockito-core/latest/org/mockito/Mockito.html#0.3
WARNING: A Java agent has been loaded dynamically (C:\Users\Aluno\.m2\repository\net\bytebuddy\byte-buddy-agent\1.15.10\byte-buddy-agent-1.15.10.jar)
WARNING: If a serviceability tool is in use, please run with -XX:+EnableDynamicAgentLoading to hide this warning
WARNING: If a serviceability tool is not in use, please run with -Djdk.instrument.traceUsage for more information
WARNING: Dynamic loading of agents will be disallowed by default in a future release
]]></system-err>
  </testcase>
</testsuite>